2018-02-08 21:03:22,688 p=9230 u=plona |  PLAY [Verify local ansible version.] ***********************************************************************************************
2018-02-08 21:03:22,701 p=9230 u=plona |  TASK [Gathering Facts] *************************************************************************************************************
2018-02-08 21:03:23,207 p=9230 u=plona |  ok: [localhost]
2018-02-08 21:03:23,211 p=9230 u=plona |  TASK [Verify local ansible version.] ***********************************************************************************************
2018-02-08 21:03:23,243 p=9230 u=plona |  ok: [localhost] => {
    "changed": false, 
    "failed": false, 
    "msg": "All assertions passed"
}
2018-02-08 21:03:23,247 p=9230 u=plona |  PLAY [check my permission] *********************************************************************************************************
2018-02-08 21:03:23,265 p=9230 u=plona |  TASK [Gathering Facts] *************************************************************************************************************
2018-02-08 21:03:23,522 p=9230 u=plona |  fatal: [dc-scj.stumilas.wew]: FAILED! => {"changed": false, "failed": true, "module_stderr": "Shared connection to dc-scj.stumilas.wew closed.\r\n", "module_stdout": "/bin/bash: /usr/bin/python: Nie ma takiego pliku ani katalogu\r\n", "msg": "MODULE FAILURE", "rc": 0}
2018-02-08 21:03:23,523 p=9230 u=plona |  	to retry, use: --limit @/home/plona/github/mydockers/eg+/ansible/ping.retry

2018-02-08 21:03:23,523 p=9230 u=plona |  PLAY RECAP *************************************************************************************************************************
2018-02-08 21:03:23,523 p=9230 u=plona |  dc-scj.stumilas.wew        : ok=0    changed=0    unreachable=0    failed=1   
2018-02-08 21:03:23,523 p=9230 u=plona |  localhost                  : ok=2    changed=0    unreachable=0    failed=0   
2018-02-08 21:06:01,910 p=10863 u=plona |  PLAY [Verify local ansible version.] ***********************************************************************************************
2018-02-08 21:06:01,916 p=10863 u=plona |  TASK [Gathering Facts] *************************************************************************************************************
2018-02-08 21:06:02,406 p=10863 u=plona |  ok: [localhost]
2018-02-08 21:06:02,410 p=10863 u=plona |  TASK [Verify local ansible version.] ***********************************************************************************************
2018-02-08 21:06:02,443 p=10863 u=plona |  ok: [localhost] => {
    "changed": false, 
    "failed": false, 
    "msg": "All assertions passed"
}
2018-02-08 21:06:02,446 p=10863 u=plona |  PLAY [check my permission] *********************************************************************************************************
2018-02-08 21:06:02,464 p=10863 u=plona |  TASK [Gathering Facts] *************************************************************************************************************
2018-02-08 21:06:02,968 p=10863 u=plona |  ok: [dc-scj.stumilas.wew]
2018-02-08 21:06:02,972 p=10863 u=plona |  TASK [ping-pong] *******************************************************************************************************************
2018-02-08 21:06:03,184 p=10863 u=plona |  ok: [dc-scj.stumilas.wew]
2018-02-08 21:06:03,185 p=10863 u=plona |  PLAY RECAP *************************************************************************************************************************
2018-02-08 21:06:03,185 p=10863 u=plona |  dc-scj.stumilas.wew        : ok=2    changed=0    unreachable=0    failed=0   
2018-02-08 21:06:03,186 p=10863 u=plona |  localhost                  : ok=2    changed=0    unreachable=0    failed=0   
2018-02-09 06:18:49,192 p=21645 u=plona |  PLAY [Verify local ansible version.] ***********************************************************************************************
2018-02-09 06:18:49,199 p=21645 u=plona |  TASK [Gathering Facts] *************************************************************************************************************
2018-02-09 06:18:49,682 p=21645 u=plona |  ok: [localhost]
2018-02-09 06:18:49,686 p=21645 u=plona |  TASK [Verify local ansible version.] ***********************************************************************************************
2018-02-09 06:18:49,718 p=21645 u=plona |  ok: [localhost] => {
    "changed": false, 
    "failed": false, 
    "msg": "All assertions passed"
}
2018-02-09 06:18:49,721 p=21645 u=plona |  PLAY [check my permission] *********************************************************************************************************
2018-02-09 06:18:49,739 p=21645 u=plona |  TASK [Gathering Facts] *************************************************************************************************************
2018-02-09 06:18:50,052 p=21645 u=plona |  fatal: [dc-scj.stumilas.wew]: FAILED! => {"changed": false, "failed": true, "module_stderr": "Shared connection to dc-scj.stumilas.wew closed.\r\n", "module_stdout": "/bin/bash: /usr/bin/python: Nie ma takiego pliku ani katalogu\r\n", "msg": "MODULE FAILURE", "rc": 0}
2018-02-09 06:18:50,052 p=21645 u=plona |  	to retry, use: --limit @/home/plona/github/mydockers/eg+/ansible/ping.retry

2018-02-09 06:18:50,053 p=21645 u=plona |  PLAY RECAP *************************************************************************************************************************
2018-02-09 06:18:50,053 p=21645 u=plona |  dc-scj.stumilas.wew        : ok=0    changed=0    unreachable=0    failed=1   
2018-02-09 06:18:50,053 p=21645 u=plona |  localhost                  : ok=2    changed=0    unreachable=0    failed=0   
2018-02-09 06:19:56,122 p=22415 u=plona |  PLAY [Verify local ansible version.] ***********************************************************************************************
2018-02-09 06:19:56,128 p=22415 u=plona |  TASK [Gathering Facts] *************************************************************************************************************
2018-02-09 06:19:56,631 p=22415 u=plona |  ok: [localhost]
2018-02-09 06:19:56,635 p=22415 u=plona |  TASK [Verify local ansible version.] ***********************************************************************************************
2018-02-09 06:19:56,668 p=22415 u=plona |  ok: [localhost] => {
    "changed": false, 
    "failed": false, 
    "msg": "All assertions passed"
}
2018-02-09 06:19:56,671 p=22415 u=plona |  PLAY [check my permission] *********************************************************************************************************
2018-02-09 06:19:56,690 p=22415 u=plona |  TASK [Gathering Facts] *************************************************************************************************************
2018-02-09 06:19:57,188 p=22415 u=plona |  ok: [dc-scj.stumilas.wew]
2018-02-09 06:19:57,191 p=22415 u=plona |  TASK [ping-pong] *******************************************************************************************************************
2018-02-09 06:19:57,405 p=22415 u=plona |  ok: [dc-scj.stumilas.wew]
2018-02-09 06:19:57,406 p=22415 u=plona |  PLAY RECAP *************************************************************************************************************************
2018-02-09 06:19:57,407 p=22415 u=plona |  dc-scj.stumilas.wew        : ok=2    changed=0    unreachable=0    failed=0   
2018-02-09 06:19:57,407 p=22415 u=plona |  localhost                  : ok=2    changed=0    unreachable=0    failed=0   
